[2020-06-15 20:05:47,015] DEBUG preRegister called. Server=com.sun.jmx.mbeanserver.JmxMBeanServer@66d3c617, name=log4j:logger=kafka.controller (kafka.controller)
[2020-06-15 20:05:54,444] INFO [ControllerEventThread controllerId=0] Starting (kafka.controller.ControllerEventManager$ControllerEventThread)
[2020-06-15 20:05:54,462] INFO [Controller id=0] 0 successfully elected as the controller (kafka.controller.KafkaController)
[2020-06-15 20:05:54,462] INFO [Controller id=0] Reading controller epoch from ZooKeeper (kafka.controller.KafkaController)
[2020-06-15 20:05:54,465] INFO [Controller id=0] Initialized controller epoch to 1 and zk version 0 (kafka.controller.KafkaController)
[2020-06-15 20:05:54,465] INFO [Controller id=0] Incrementing controller epoch in ZooKeeper (kafka.controller.KafkaController)
[2020-06-15 20:05:54,474] INFO [Controller id=0] Epoch incremented to 2 (kafka.controller.KafkaController)
[2020-06-15 20:05:54,475] INFO [Controller id=0] Registering handlers (kafka.controller.KafkaController)
[2020-06-15 20:05:54,484] INFO [Controller id=0] Deleting log dir event notifications (kafka.controller.KafkaController)
[2020-06-15 20:05:54,489] INFO [Controller id=0] Deleting isr change notifications (kafka.controller.KafkaController)
[2020-06-15 20:05:54,492] INFO [Controller id=0] Initializing controller context (kafka.controller.KafkaController)
[2020-06-15 20:05:54,521] DEBUG [Controller id=0] Register BrokerModifications handler for Set(0) (kafka.controller.KafkaController)
[2020-06-15 20:05:54,540] DEBUG [Channel manager on controller 0]: Controller 0 trying to connect to broker 0 (kafka.controller.ControllerChannelManager)
[2020-06-15 20:05:54,576] INFO [RequestSendThread controllerId=0] Starting (kafka.controller.RequestSendThread)
[2020-06-15 20:05:54,579] INFO [Controller id=0] Partitions being reassigned: Map() (kafka.controller.KafkaController)
[2020-06-15 20:05:54,581] INFO [Controller id=0] Currently active brokers in the cluster: Set(0) (kafka.controller.KafkaController)
[2020-06-15 20:05:54,581] INFO [Controller id=0] Currently shutting brokers in the cluster: Set() (kafka.controller.KafkaController)
[2020-06-15 20:05:54,582] INFO [Controller id=0] Current list of topics in the cluster: Set(twitter) (kafka.controller.KafkaController)
[2020-06-15 20:05:54,582] INFO [Controller id=0] Fetching topic deletions in progress (kafka.controller.KafkaController)
[2020-06-15 20:05:54,586] INFO [Controller id=0] List of topics to be deleted:  (kafka.controller.KafkaController)
[2020-06-15 20:05:54,587] INFO [Controller id=0] List of topics ineligible for deletion:  (kafka.controller.KafkaController)
[2020-06-15 20:05:54,587] INFO [Controller id=0] Initializing topic deletion manager (kafka.controller.KafkaController)
[2020-06-15 20:05:54,588] INFO [Controller id=0] Sending update metadata request (kafka.controller.KafkaController)
[2020-06-15 20:05:54,606] INFO [ReplicaStateMachine controllerId=0] Initializing replica state (kafka.controller.ReplicaStateMachine)
[2020-06-15 20:05:54,617] INFO [ReplicaStateMachine controllerId=0] Triggering online replica state changes (kafka.controller.ReplicaStateMachine)
[2020-06-15 20:05:54,621] INFO [RequestSendThread controllerId=0] Controller 0 connected to 192.168.1.130:9092 (id: 0 rack: null) for sending state change requests (kafka.controller.RequestSendThread)
[2020-06-15 20:05:54,653] INFO [ReplicaStateMachine controllerId=0] Started replica state machine with initial state -> Map([Topic=twitter,Partition=0,Replica=0] -> OnlineReplica) (kafka.controller.ReplicaStateMachine)
[2020-06-15 20:05:54,653] INFO [PartitionStateMachine controllerId=0] Initializing partition state (kafka.controller.PartitionStateMachine)
[2020-06-15 20:05:54,657] INFO [PartitionStateMachine controllerId=0] Triggering online partition state changes (kafka.controller.PartitionStateMachine)
[2020-06-15 20:05:54,661] INFO [PartitionStateMachine controllerId=0] Started partition state machine with initial state -> Map(twitter-0 -> OnlinePartition) (kafka.controller.PartitionStateMachine)
[2020-06-15 20:05:54,662] INFO [Controller id=0] Ready to serve as the new controller with epoch 2 (kafka.controller.KafkaController)
[2020-06-15 20:05:54,666] INFO [Controller id=0] Partitions undergoing preferred replica election:  (kafka.controller.KafkaController)
[2020-06-15 20:05:54,684] INFO [Controller id=0] Partitions that completed preferred replica election:  (kafka.controller.KafkaController)
[2020-06-15 20:05:54,686] INFO [Controller id=0] Skipping preferred replica election for partitions due to topic deletion:  (kafka.controller.KafkaController)
[2020-06-15 20:05:54,691] INFO [Controller id=0] Resuming preferred replica election for partitions:  (kafka.controller.KafkaController)
[2020-06-15 20:05:54,691] INFO [Controller id=0] Starting preferred replica leader election for partitions  (kafka.controller.KafkaController)
[2020-06-15 20:05:54,711] INFO [Controller id=0] Starting the controller scheduler (kafka.controller.KafkaController)
[2020-06-15 20:05:59,719] TRACE [Controller id=0] Checking need to trigger auto leader balancing (kafka.controller.KafkaController)
[2020-06-15 20:05:59,723] DEBUG [Controller id=0] Preferred replicas by broker Map(0 -> Map(twitter-0 -> Vector(0))) (kafka.controller.KafkaController)
[2020-06-15 20:05:59,726] DEBUG [Controller id=0] Topics not in preferred replica for broker 0 Map() (kafka.controller.KafkaController)
[2020-06-15 20:05:59,727] TRACE [Controller id=0] Leader imbalance ratio for broker 0 is 0.0 (kafka.controller.KafkaController)
[2020-06-15 20:06:01,595] INFO [Controller id=0] Shutting down broker 0 (kafka.controller.KafkaController)
[2020-06-15 20:06:01,596] DEBUG [Controller id=0] All shutting down brokers: 0 (kafka.controller.KafkaController)
[2020-06-15 20:06:01,596] DEBUG [Controller id=0] Live brokers:  (kafka.controller.KafkaController)
[2020-06-15 20:06:01,601] TRACE [Controller id=0] All leaders = twitter-0 -> (Leader:0,ISR:0,LeaderEpoch:0,ControllerEpoch:1) (kafka.controller.KafkaController)
[2020-06-15 20:06:02,825] INFO [ControllerEventThread controllerId=0] Shutting down (kafka.controller.ControllerEventManager$ControllerEventThread)
[2020-06-15 20:06:02,825] INFO [ControllerEventThread controllerId=0] Stopped (kafka.controller.ControllerEventManager$ControllerEventThread)
[2020-06-15 20:06:02,825] INFO [ControllerEventThread controllerId=0] Shutdown completed (kafka.controller.ControllerEventManager$ControllerEventThread)
[2020-06-15 20:06:02,825] DEBUG [Controller id=0] Resigning (kafka.controller.KafkaController)
[2020-06-15 20:06:02,827] DEBUG [Controller id=0] Unregister BrokerModifications handler for Set(0) (kafka.controller.KafkaController)
[2020-06-15 20:06:02,831] INFO [PartitionStateMachine controllerId=0] Stopped partition state machine (kafka.controller.PartitionStateMachine)
[2020-06-15 20:06:02,832] INFO [ReplicaStateMachine controllerId=0] Stopped replica state machine (kafka.controller.ReplicaStateMachine)
[2020-06-15 20:06:02,832] INFO [RequestSendThread controllerId=0] Shutting down (kafka.controller.RequestSendThread)
[2020-06-15 20:06:02,832] INFO [RequestSendThread controllerId=0] Stopped (kafka.controller.RequestSendThread)
[2020-06-15 20:06:02,832] INFO [RequestSendThread controllerId=0] Shutdown completed (kafka.controller.RequestSendThread)
[2020-06-15 20:06:02,834] INFO [Controller id=0] Resigned (kafka.controller.KafkaController)
