[2020-06-16 21:12:26,293] WARN Client session timed out, have not heard from server in 2520162ms for sessionid 0x172bd49a62c0008 (org.apache.zookeeper.ClientCnxn)
[2020-06-16 21:12:26,448] INFO Client session timed out, have not heard from server in 2520162ms for sessionid 0x172bd49a62c0008, closing socket connection and attempting reconnect (org.apache.zookeeper.ClientCnxn)
[2020-06-16 21:12:26,448] INFO [GroupMetadataManager brokerId=0] Removed 0 expired offsets in 168 milliseconds. (kafka.coordinator.group.GroupMetadataManager)
[2020-06-16 21:12:26,995] INFO Opening socket connection to server localhost/0:0:0:0:0:0:0:1:2181. Will not attempt to authenticate using SASL (unknown error) (org.apache.zookeeper.ClientCnxn)
[2020-06-16 21:12:26,997] INFO Socket connection established to localhost/0:0:0:0:0:0:0:1:2181, initiating session (org.apache.zookeeper.ClientCnxn)
[2020-06-16 21:12:27,001] WARN Unable to reconnect to ZooKeeper service, session 0x172bd49a62c0008 has expired (org.apache.zookeeper.ClientCnxn)
[2020-06-16 21:12:27,002] INFO Unable to reconnect to ZooKeeper service, session 0x172bd49a62c0008 has expired, closing socket connection (org.apache.zookeeper.ClientCnxn)
[2020-06-16 21:12:27,003] INFO EventThread shut down for session: 0x172bd49a62c0008 (org.apache.zookeeper.ClientCnxn)
[2020-06-16 21:12:27,003] INFO [ZooKeeperClient] Session expired. (kafka.zookeeper.ZooKeeperClient)
[2020-06-16 21:12:27,004] INFO [ZooKeeperClient] Initializing a new session to localhost:2181. (kafka.zookeeper.ZooKeeperClient)
[2020-06-16 21:12:27,004] INFO Initiating client connection, connectString=localhost:2181 sessionTimeout=6000 watcher=kafka.zookeeper.ZooKeeperClient$ZooKeeperClientWatcher$@222545dc (org.apache.zookeeper.ZooKeeper)
[2020-06-16 21:12:27,010] INFO Opening socket connection to server localhost/0:0:0:0:0:0:0:1:2181. Will not attempt to authenticate using SASL (unknown error) (org.apache.zookeeper.ClientCnxn)
[2020-06-16 21:12:27,011] INFO Socket connection established to localhost/0:0:0:0:0:0:0:1:2181, initiating session (org.apache.zookeeper.ClientCnxn)
[2020-06-16 21:12:27,015] INFO Session establishment complete on server localhost/0:0:0:0:0:0:0:1:2181, sessionid = 0x172bd49a62c0009, negotiated timeout = 6000 (org.apache.zookeeper.ClientCnxn)
[2020-06-16 21:12:27,163] INFO Creating /brokers/ids/0 (is it secure? false) (kafka.zk.KafkaZkClient)
[2020-06-16 21:12:27,168] INFO Result of znode creation at /brokers/ids/0 is: OK (kafka.zk.KafkaZkClient)
[2020-06-16 21:12:27,176] INFO Registered broker 0 at path /brokers/ids/0 with addresses: ArrayBuffer(EndPoint(192.168.1.130,9092,ListenerName(PLAINTEXT),PLAINTEXT)) (kafka.zk.KafkaZkClient)
[2020-06-16 21:12:27,196] INFO Creating /controller (is it secure? false) (kafka.zk.KafkaZkClient)
[2020-06-16 21:12:27,197] INFO Result of znode creation at /controller is: OK (kafka.zk.KafkaZkClient)
[2020-06-16 21:12:27,256] INFO [ReplicaAlterLogDirsManager on broker 0] Added fetcher for partitions List() (kafka.server.ReplicaAlterLogDirsManager)
